JMP 0 58
INI 0 5
LIT 0 1
STO 1 4
LIT 0 2
STO 0 3
LOD 0 3
LOD 1 3
OPR 0 10
JPC 0 11
JMP 0 35
LOD 1 3
LOD 0 3
OPR 0 5
LOD 0 3
OPR 0 4
LOD 1 3
OPR 0 8
JPC 0 20
JMP 0 24
LIT 0 0
STO 1 4
LOD 1 3
STO 0 3
LOD 0 3
LIT 0 1
OPR 0 2
STO 0 3
LOD 0 3
LOD 0 4
OPR 0 2
LIT 0 2
OPR 0 2
STO 0 4
JMP 0 6
OPR 0 0
INI 0 3
LIT 0 2
STO 1 3
LOD 1 3
LIT 0 100
OPR 0 13
JPC 0 44
JMP 0 57
CALL 1 1
LOD 1 4
LIT 0 1
OPR 0 8
JPC 0 50
JMP 0 52
LOD 1 3
OPR 0 14
LOD 1 3
LIT 0 1
OPR 0 2
STO 1 3
JMP 0 39
OPR 0 0
INI 0 5
CALL 0 36
OPR 0 0
