JMP 0 104
INI 0 5
LOD 1 3
STO 0 3
LOD 1 4
STO 0 4
LOD 1 3
LOD 1 4
OPR 0 4
STO 1 5
OPR 0 0
INI 0 4
LOD 1 3
STO 1 7
LIT 0 0
STO 1 6
LOD 1 4
STO 0 3
LOD 0 3
LOD 1 7
OPR 0 13
JPC 0 23
JMP 0 28
LIT 0 2
LOD 0 3
OPR 0 4
STO 0 3
JMP 0 18
LOD 0 3
LOD 1 4
OPR 0 12
JPC 0 33
JMP 0 55
LIT 0 2
LOD 1 6
OPR 0 4
STO 1 6
LOD 0 3
LIT 0 2
OPR 0 5
STO 0 3
LOD 0 3
LOD 1 7
OPR 0 13
JPC 0 46
JMP 0 54
LOD 1 7
LOD 0 3
OPR 0 3
STO 1 7
LOD 1 6
LIT 0 1
OPR 0 2
STO 1 6
JMP 0 28
OPR 0 0
INI 0 4
LOD 1 3
STO 1 9
LOD 1 4
STO 0 3
LOD 1 9
LOD 0 3
OPR 0 9
JPC 0 66
JMP 0 85
LOD 1 9
LOD 0 3
OPR 0 10
JPC 0 71
JMP 0 75
LOD 0 3
LOD 1 9
OPR 0 3
STO 0 3
LOD 0 3
LOD 1 9
OPR 0 10
JPC 0 80
JMP 0 84
LOD 1 9
LOD 0 3
OPR 0 3
STO 1 9
JMP 0 61
LOD 1 9
STO 1 5
OPR 0 0
INI 0 3
LOD 1 8
LIT 0 1
OPR 0 12
JPC 0 94
JMP 0 103
LOD 1 8
LOD 1 9
OPR 0 4
STO 1 9
LOD 1 8
LIT 0 1
OPR 0 3
STO 1 8
CALL 1 88
OPR 0 0
INI 0 10
OPR 0 16
STO 0 3
OPR 0 16
STO 0 4
CALL 0 1
LOD 0 5
OPR 0 14
OPR 0 16
STO 0 3
OPR 0 16
STO 0 4
CALL 0 11
LOD 0 6
OPR 0 14
LOD 0 7
OPR 0 14
OPR 0 16
STO 0 3
OPR 0 16
STO 0 4
CALL 0 56
LOD 0 5
OPR 0 14
OPR 0 16
STO 0 8
LIT 0 1
STO 0 9
CALL 0 88
LOD 0 9
OPR 0 14
OPR 0 0
